\BOOKMARK [-1][]{part.1}{Sprache\040und\040Sprachsystem}{}% 2
\BOOKMARK [-1][]{part.2}{Laut\040und\040Lautsystem}{}% 26
\BOOKMARK [-1][]{part.3}{Wort\040und\040Wortform}{}% 89
\BOOKMARK [-1][]{part.4}{Satz\040und\040Satzglied}{}% 188
\BOOKMARK [0][-]{chapter.13}{Relationen und Prädikate}{part.4}% 238
\BOOKMARK [1][-]{section.13.1}{Semantische\040Rollen}{chapter.13}% 239
\BOOKMARK [2][-]{subsection.13.1.1}{Allgemeine Einführung}{section.13.1}% 240
\BOOKMARK [2][-]{subsection.13.1.2}{Semantische\040Rollen\040und\040Valenz}{section.13.1}% 241
\BOOKMARK [1][-]{section.13.2}{Prädikate und prädikative Konstituenten}{chapter.13}% 242
\BOOKMARK [2][-]{subsection.13.2.1}{Das Prädikat}{section.13.2}% 243
\BOOKMARK [2][-]{subsection.13.2.2}{Prädikative}{section.13.2}% 244
\BOOKMARK [1][-]{section.13.3}{Subjekte}{chapter.13}% 245
\BOOKMARK [2][-]{subsection.13.3.1}{Subjekte als Nominativ-Ergänzungen}{section.13.3}% 246
\BOOKMARK [2][-]{subsection.13.3.2}{Prädikative Nominative}{section.13.3}% 247
\BOOKMARK [2][-]{subsection.13.3.3}{Arten\040von\040es\040im\040Nominativ}{section.13.3}% 248
\BOOKMARK [1][-]{section.13.4}{Passiv}{chapter.13}% 249
\BOOKMARK [2][-]{subsection.13.4.1}{werden-Passiv\040und\040Verbklassen}{section.13.4}% 250
\BOOKMARK [2][-]{subsection.13.4.2}{bekommen-Passiv}{section.13.4}% 251
\BOOKMARK [1][-]{section.13.5}{Objekte, Ergänzungen und Angaben}{chapter.13}% 252
\BOOKMARK [2][-]{subsection.13.5.1}{Akkusative\040und\040direkte\040Objekte}{section.13.5}% 253
\BOOKMARK [2][-]{subsection.13.5.2}{Dative\040und\040indirekte\040Objekte}{section.13.5}% 254
\BOOKMARK [2][-]{subsection.13.5.3}{PP-Ergänzungen und PP-Angaben}{section.13.5}% 255
\BOOKMARK [1][-]{section.13.6}{Analytische\040Tempora}{chapter.13}% 256
\BOOKMARK [1][-]{section.13.7}{Modalverben\040und\040Halbmodalverben}{chapter.13}% 257
\BOOKMARK [2][-]{subsection.13.7.1}{Ersatzinfinitiv\040und\040Oberfeldumstellung}{section.13.7}% 258
\BOOKMARK [2][-]{subsection.13.7.2}{Kohärenz}{section.13.7}% 259
\BOOKMARK [2][-]{subsection.13.7.3}{Modalverben\040und\040Halbmodalverben}{section.13.7}% 260
\BOOKMARK [1][-]{section.13.8}{Infinitivkontrolle}{chapter.13}% 261
\BOOKMARK [1][-]{section.13.9}{Bindung}{chapter.13}% 262
\BOOKMARK [1][-]{Item.2166}{Zusammenfassung\040von\040Kapitel\04013}{chapter.13}% 263
\BOOKMARK [1][-]{Item.2181}{Übungen zu Kapitel 13}{chapter.13}% 264
\BOOKMARK [0][-]{Item.2244}{Weiterführende Literatur zu IV}{part.4}% 265
\BOOKMARK [-1][]{part.5}{Sprache\040und\040Schrift}{}% 266
\BOOKMARK [0][-]{section*.6}{Bibliographie}{part.5}% 299
\BOOKMARK [0][-]{chapter*.7}{Literatur}{part.5}% 300
\BOOKMARK [0][-]{section*.8}{Index}{part.5}% 301
