This is XeTeX, Version 3.1415926-2.4-0.9998 (TeX Live 2012/Debian) (format=xelatex 2014.5.23)  13 APR 2015 12:18
entering extended mode
 restricted \write18 enabled.
 %&-line parsing enabled.
**schaefer-egbd.tex
(./schaefer-egbd.tex
LaTeX2e <2011/06/27>
Babel <v3.8m> and hyphenation patterns for english, dumylang, nohyphenation, ng
erman, german, swissgerman, ngerman-x-2012-05-30, german-x-2012-05-30, loaded.
(./LSP/langsci.cls
Document Class: LSP/langsci 2014/11/27 Language Science Press
(/usr/share/texlive/texmf-dist/tex/latex/tools/xspace.sty
Package: xspace 2009/10/20 v1.13 Space after command names (DPC,MH)
)
(/usr/share/texlive/texmf-dist/tex/latex/oberdiek/kvoptions.sty
Package: kvoptions 2011/06/30 v3.11 Key value format for package options (HO)

(/usr/share/texlive/texmf-dist/tex/latex/graphics/keyval.sty
Package: keyval 1999/03/16 v1.13 key=value parser (DPC)
\KV@toks@=\toks14
)
(/usr/share/texlive/texmf-dist/tex/generic/oberdiek/ltxcmds.sty
Package: ltxcmds 2011/11/09 v1.22 LaTeX kernel commands for general use (HO)
)
(/usr/share/texlive/texmf-dist/tex/generic/oberdiek/kvsetkeys.sty
Package: kvsetkeys 2012/04/25 v1.16 Key value parser (HO)

(/usr/share/texlive/texmf-dist/tex/generic/oberdiek/infwarerr.sty
Package: infwarerr 2010/04/08 v1.3 Providing info/warning/error messages (HO)
)
(/usr/share/texlive/texmf-dist/tex/generic/oberdiek/etexcmds.sty
Package: etexcmds 2011/02/16 v1.5 Avoid name clashes with e-TeX commands (HO)

(/usr/share/texlive/texmf-dist/tex/generic/oberdiek/ifluatex.sty
Package: ifluatex 2010/03/01 v1.3 Provides the ifluatex switch (HO)
Package ifluatex Info: LuaTeX not detected.
)
Package etexcmds Info: Could not find \expanded.
(etexcmds)             That can mean that you are not using pdfTeX 1.50 or
(etexcmds)             that some package has redefined \expanded.
(etexcmds)             In the latter case, load this package earlier.
)))
(/usr/share/texlive/texmf-dist/tex/latex/koma-script/scrbook.cls
Document Class: scrbook 2012/05/15 v3.11 KOMA-Script document class (book)
(/usr/share/texlive/texmf-dist/tex/latex/koma-script/scrkbase.sty
Package: scrkbase 2012/05/15 v3.11 KOMA-Script package (KOMA-Script-dependent b
asics and keyval usage)

(/usr/share/texlive/texmf-dist/tex/latex/koma-script/scrbase.sty
Package: scrbase 2012/05/15 v3.11 KOMA-Script package (KOMA-Script-independent 
basics and keyval usage)

(/usr/share/texlive/texmf-dist/tex/latex/koma-script/scrlfile.sty
Package: scrlfile 2011/03/09 v3.09 KOMA-Script package (loading files)

Package scrlfile, 2011/03/09 v3.09 KOMA-Script package (loading files)
                  Copyright (C) Markus Kohm

))) (/usr/share/texlive/texmf-dist/tex/latex/koma-script/tocbasic.sty
Package: tocbasic 2012/04/04 v3.10b KOMA-Script package (handling toc-files)
)
Package tocbasic Info: omitting babel extension for `toc'
(tocbasic)             because of feature `nobabel' available
(tocbasic)             for `toc' on input line 117.
Package tocbasic Info: omitting babel extension for `lof'
(tocbasic)             because of feature `nobabel' available
(tocbasic)             for `lof' on input line 118.
Package tocbasic Info: omitting babel extension for `lot'
(tocbasic)             because of feature `nobabel' available
(tocbasic)             for `lot' on input line 119.
Class scrbook Info: File `scrsize11pt.clo' used to setup font sizes on input li
ne 1366.

(/usr/share/texlive/texmf-dist/tex/latex/koma-script/scrsize11pt.clo
File: scrsize11pt.clo 2012/05/15 v3.11 KOMA-Script font size class option (11pt
)
)
(/usr/share/texlive/texmf-dist/tex/latex/koma-script/typearea.sty
Package: typearea 2012/05/15 v3.11 KOMA-Script package (type area)

Package typearea, 2012/05/15 v3.11 KOMA-Script package (type area)
                  Copyright (C) Frank Neukam, 1992-1994
                  Copyright (C) Markus Kohm, 1994-

\ta@bcor=\skip41
\ta@div=\count80
\ta@hblk=\skip42
\ta@vblk=\skip43
\ta@temp=\skip44
Package typearea Info: These are the values describing the layout:
(typearea)             DIV  = 10
(typearea)             BCOR = 0.0pt
(typearea)             \paperwidth      = 597.50793pt
(typearea)              \textwidth      = 418.25555pt
(typearea)              DIV departure   = -6%
(typearea)              \evensidemargin = 47.2316pt
(typearea)              \oddsidemargin  = -12.5192pt
(typearea)             \paperheight     = 845.04694pt
(typearea)              \textheight     = 595.80026pt
(typearea)              \topmargin      = -25.16531pt
(typearea)              \headheight     = 17.0pt
(typearea)              \headsep        = 20.40001pt
(typearea)              \topskip        = 11.0pt
(typearea)              \footskip       = 47.60002pt
(typearea)              \baselineskip   = 13.6pt
(typearea)              on input line 1211.
)
\c@part=\count81
\c@chapter=\count82
\c@section=\count83
\c@subsection=\count84
\c@subsubsection=\count85
\c@paragraph=\count86
\c@subparagraph=\count87
\abovecaptionskip=\skip45
\belowcaptionskip=\skip46
\c@pti@nb@sid@b@x=\box26
\c@figure=\count88
\c@table=\count89
\bibindent=\dimen102
) (/usr/share/texlive/texmf-dist/tex/latex/etex-pkg/etex.sty
Package: etex 1998/03/26 v2.0 eTeX basic definition package (PEB)
\et@xins=\count90
)
(/usr/share/texlive/texmf-dist/tex/latex/geometry/geometry.sty
Package: geometry 2010/09/12 v5.6 Page Geometry

(/usr/share/texlive/texmf-dist/tex/generic/oberdiek/ifpdf.sty
Package: ifpdf 2011/01/30 v2.3 Provides the ifpdf switch (HO)
Package ifpdf Info: pdfTeX in PDF mode is not detected.
)
(/usr/share/texlive/texmf-dist/tex/generic/oberdiek/ifvtex.sty
Package: ifvtex 2010/03/01 v1.5 Detect VTeX and its facilities (HO)
Package ifvtex Info: VTeX not detected.
)
(/usr/share/texlive/texmf-dist/tex/generic/ifxetex/ifxetex.sty
Package: ifxetex 2010/09/12 v0.6 Provides ifxetex conditional
)
\Gm@cnth=\count91
\Gm@cntv=\count92
\c@Gm@tempcnt=\count93
\Gm@bindingoffset=\dimen103
\Gm@wd@mp=\dimen104
\Gm@odd@mp=\dimen105
\Gm@even@mp=\dimen106
\Gm@layoutwidth=\dimen107
\Gm@layoutheight=\dimen108
\Gm@layouthoffset=\dimen109
\Gm@layoutvoffset=\dimen110
\Gm@dimlist=\toks15
)
(/usr/share/texlive/texmf-dist/tex/latex/textpos/textpos.sty
Package: textpos 2012/06/01 v1.7h

Package: textpos 2012/06/01 1.7h, absolute positioning of text on the page
(/usr/share/texlive/texmf-dist/tex/latex/ms/everyshi.sty
Package: everyshi 2001/05/15 v3.00 EveryShipout Package (MS)
)
\TP@textbox=\box27
\TP@holdbox=\box28
\TPHorizModule=\dimen111
\TPVertModule=\dimen112
\TP@margin=\dimen113
\TP@absmargin=\dimen114

Grid set 16 x 16 = 30.23105pt x 42.67912pt
\TPboxrulesize=\dimen115
\TP@ox=\dimen116
\TP@oy=\dimen117
\TP@tbargs=\toks16
\TP@prevdepth=\dimen118
TextBlockOrigin set to 0pt x 0pt
)
TextBlockOrigin set to 0mm x 0mm
(/usr/share/texlive/texmf-dist/tex/latex/pbox/pbox.sty
Package: pbox 2011/12/07 v1.2 Dynamic parboxes

(/usr/share/texlive/texmf-dist/tex/latex/tools/calc.sty
Package: calc 2007/08/22 v4.3 Infix arithmetic (KKT,FJ)
\calc@Acount=\count94
\calc@Bcount=\count95
\calc@Adimen=\dimen119
\calc@Bdimen=\dimen120
\calc@Askip=\skip47
\calc@Bskip=\skip48
LaTeX Info: Redefining \setlength on input line 76.
LaTeX Info: Redefining \addtolength on input line 77.
\calc@Ccount=\count96
\calc@Cskip=\skip49
)
(/usr/share/texlive/texmf-dist/tex/latex/base/ifthen.sty
Package: ifthen 2001/05/26 v1.1c Standard LaTeX ifthen package (DPC)
)
\pb@xlen=\skip50
)
(/usr/share/texlive/texmf-dist/tex/generic/xstring/xstring.sty
(/usr/share/texlive/texmf-dist/tex/generic/xstring/xstring.tex
\@xs@message=\write3
\integerpart=\count97
\decimalpart=\count98
)
Package: xstring 2010/03/28  v1.5d  String manipulations (C Tellechea)
)
(/usr/share/texlive/texmf-dist/tex/latex/amsfonts/amssymb.sty
Package: amssymb 2009/06/22 v3.00

(/usr/share/texlive/texmf-dist/tex/latex/amsfonts/amsfonts.sty
Package: amsfonts 2009/06/22 v3.00 Basic AMSFonts support
\@emptytoks=\toks17
\symAMSa=\mathgroup4
\symAMSb=\mathgroup5
LaTeX Font Info:    Overwriting math alphabet `\mathfrak' in version `bold'
(Font)                  U/euf/m/n --> U/euf/b/n on input line 96.
))
(/usr/share/texlive/texmf-dist/tex/latex/dtk/dtklogos.sty
Package: dtklogos 2012/05/02 2.15 (hv)

(/usr/share/texlive/texmf-dist/tex/latex/graphics/graphicx.sty
Package: graphicx 1999/02/16 v1.0f Enhanced LaTeX Graphics (DPC,SPQR)

(/usr/share/texlive/texmf-dist/tex/latex/graphics/graphics.sty
Package: graphics 2009/02/05 v1.0o Standard LaTeX Graphics (DPC,SPQR)

(/usr/share/texlive/texmf-dist/tex/latex/graphics/trig.sty
Package: trig 1999/03/16 v1.09 sin cos tan (DPC)
)
(/usr/share/texlive/texmf-dist/tex/latex/latexconfig/graphics.cfg
File: graphics.cfg 2010/04/23 v1.9 graphics configuration of TeX Live
)
Package graphics Info: Driver file: xetex.def on input line 91.

(/usr/share/texlive/texmf-dist/tex/xelatex/xetex-def/xetex.def
File: xetex.def 2009/11/22 v0.94 LaTeX color/graphics driver for XeTeX (RRM/JK)

))
\Gin@req@height=\dimen121
\Gin@req@width=\dimen122
)
(/usr/share/texlive/texmf-dist/tex/latex/metalogo/metalogo.sty
Package: metalogo 2010/05/29 v0.12 Extended TeX logo macros

(/usr/share/texlive/texmf-dist/tex/latex/fontspec/fontspec.sty
Package: fontspec 2012/05/06 v2.2b Advanced font selection for XeLaTeX/LuaLaTeX


(/usr/share/texlive/texmf-dist/tex/latex/l3kernel/expl3.sty
(/usr/share/texlive/texmf-dist/tex/latex/l3kernel/l3names.sty
(/usr/share/texlive/texmf-dist/tex/latex/l3kernel/l3bootstrap.sty
Package: l3bootstrap 2011/12/29 v3110 L3 Experimental bootstrap code
)
Package: l3names 2012/03/04 v3494 L3 Experimental namespace for primitives
)
Package: expl3 2012/04/23 v3570 L3 Experimental code bundle wrapper

(/usr/share/texlive/texmf-dist/tex/latex/graphics/color.sty
Package: color 2005/11/14 v1.0j Standard LaTeX Color (DPC)

(/usr/share/texlive/texmf-dist/tex/latex/latexconfig/color.cfg
File: color.cfg 2007/01/18 v1.5 color configuration of teTeX/TeXLive
)
Package color Info: Driver file: xetex.def on input line 130.
)
(/usr/share/texlive/texmf-dist/tex/latex/l3kernel/l3basics.sty
Package: l3basics 2012/03/04 v3491 L3 Experimental basic definitions
)
(/usr/share/texlive/texmf-dist/tex/latex/l3kernel/l3expan.sty
Package: l3expan 2012/02/26 v3460 L3 Experimental argument expansion
)
(/usr/share/texlive/texmf-dist/tex/latex/l3kernel/l3tl.sty
Package: l3tl 2012/03/04 v3490 L3 Experimental token lists
)
(/usr/share/texlive/texmf-dist/tex/latex/l3kernel/l3seq.sty
Package: l3seq 2012/03/04 v3490 L3 Experimental sequences and stacks
)
(/usr/share/texlive/texmf-dist/tex/latex/l3kernel/l3int.sty
Package: l3int 2012/03/04 v3490 L3 Experimental integers
\c_max_int=\count99
\l_tmpa_int=\count100
\l_tmpb_int=\count101
\l_tmpc_int=\count102
\g_tmpa_int=\count103
\g_tmpb_int=\count104
)
(/usr/share/texlive/texmf-dist/tex/latex/l3kernel/l3quark.sty
Package: l3quark 2012/02/12 v3384 L3 Experimental quarks
)
(/usr/share/texlive/texmf-dist/tex/latex/l3kernel/l3prg.sty
Package: l3prg 2012/03/04 v3490 L3 Experimental control structures
\g_prg_map_int=\count105
)
(/usr/share/texlive/texmf-dist/tex/latex/l3kernel/l3clist.sty
Package: l3clist 2012/03/04 v3490 L3 Experimental comma separated lists
)
(/usr/share/texlive/texmf-dist/tex/latex/l3kernel/l3token.sty
Package: l3token 2012/03/04 v3491 L3 Experimental token manipulation
)
(/usr/share/texlive/texmf-dist/tex/latex/l3kernel/l3prop.sty
Package: l3prop 2012/03/04 v3490 L3 Experimental property lists
)
(/usr/share/texlive/texmf-dist/tex/latex/l3kernel/l3msg.sty
Package: l3msg 2012/04/23 v3568 L3 Experimental messages
)
(/usr/share/texlive/texmf-dist/tex/latex/l3kernel/l3file.sty
Package: l3file 2012/03/09 v3520 L3 Experimental file and I/O operations
\l_iow_stream_int=\count106
\l_iow_line_length_int=\count107
\l_iow_target_length_int=\count108
\l_iow_current_line_int=\count109
\l_iow_current_word_int=\count110
\l_iow_current_indentation_int=\count111
)
(/usr/share/texlive/texmf-dist/tex/latex/l3kernel/l3skip.sty
Package: l3skip 2012/03/05 v3499 L3 Experimental dimensions and skips
\l_tmpa_dim=\dimen123
\l_tmpb_dim=\dimen124
\l_tmpc_dim=\dimen125
\g_tmpa_dim=\dimen126
\g_tmpb_dim=\dimen127
\l_tmpa_skip=\skip51
\l_tmpb_skip=\skip52
\l_tmpc_skip=\skip53
\g_tmpa_skip=\skip54
\g_tmpb_skip=\skip55
)
(/usr/share/texlive/texmf-dist/tex/latex/l3kernel/l3keys.sty
Package: l3keys 2012/03/03 v3487 L3 Experimental key-value interfaces
\g_keyval_level_int=\count112
\l_keys_choice_int=\count113
)
(/usr/share/texlive/texmf-dist/tex/latex/l3kernel/l3fp.sty
Package: l3fp 2012/03/04 v3490 L3 Experimental floating-point operations
\c_one_hundred_million=\count114
\c_five_hundred_million=\count115
\c_one_thousand_million=\count116
\c_fp_pi_by_four_decimal_int=\count117
\c_fp_pi_by_four_extended_int=\count118
\c_fp_pi_decimal_int=\count119
\c_fp_pi_extended_int=\count120
\c_fp_two_pi_decimal_int=\count121
\c_fp_two_pi_extended_int=\count122
\l_fp_count_int=\count123
\l_fp_div_offset_int=\count124
\l_fp_exp_integer_int=\count125
\l_fp_exp_decimal_int=\count126
\l_fp_exp_extended_int=\count127
\l_fp_exp_exponent_int=\count128
\l_fp_input_a_sign_int=\count129
\l_fp_input_a_integer_int=\count130
\l_fp_input_a_decimal_int=\count131
\l_fp_input_a_exponent_int=\count132
\l_fp_input_b_sign_int=\count133
\l_fp_input_b_integer_int=\count134
\l_fp_input_b_decimal_int=\count135
\l_fp_input_b_exponent_int=\count136
\l_fp_input_a_extended_int=\count137
\l_fp_input_b_extended_int=\count138
\l_fp_mul_a_i_int=\count139
\l_fp_mul_a_ii_int=\count140
\l_fp_mul_a_iii_int=\count141
\l_fp_mul_a_iv_int=\count142
\l_fp_mul_a_v_int=\count143
\l_fp_mul_a_vi_int=\count144
\l_fp_mul_b_i_int=\count145
\l_fp_mul_b_ii_int=\count146
\l_fp_mul_b_iii_int=\count147
\l_fp_mul_b_iv_int=\count148
\l_fp_mul_b_v_int=\count149
\l_fp_mul_b_vi_int=\count150
\l_fp_mul_output_int=\count151
\l_fp_output_sign_int=\count152
\l_fp_output_integer_int=\count153
\l_fp_output_decimal_int=\count154
\l_fp_output_exponent_int=\count155
\l_fp_output_extended_int=\count156
\l_fp_round_position_int=\count157
\l_fp_round_target_int=\count158
\l_fp_split_sign_int=\count159
\l_fp_internal_int=\count160
\l_fp_trig_octant_int=\count161
\l_fp_trig_sign_int=\count162
\l_fp_trig_decimal_int=\count163
\l_fp_trig_extended_int=\count164
\l_fp_internal_dim=\dimen128
\l_fp_internal_skip=\skip56
)
(/usr/share/texlive/texmf-dist/tex/latex/l3kernel/l3box.sty
Package: l3box 2012/03/04 v3490 L3 Experimental boxes
\l_tmpb_box=\box29
\l_box_top_dim=\dimen129
\l_box_bottom_dim=\dimen130
\l_box_left_dim=\dimen131
\l_box_right_dim=\dimen132
\l_box_top_new_dim=\dimen133
\l_box_bottom_new_dim=\dimen134
\l_box_left_new_dim=\dimen135
\l_box_right_new_dim=\dimen136
\l_box_internal_box=\box30
)
(/usr/share/texlive/texmf-dist/tex/latex/l3kernel/l3coffins.sty
Package: l3coffins 2012/03/03 v3482 L3 Experimental coffin code layer
\l_coffin_internal_box=\box31
\l_coffin_internal_dim=\dimen137
\l_coffin_offset_x_dim=\dimen138
\l_coffin_offset_y_dim=\dimen139
\l_coffin_x_dim=\dimen140
\l_coffin_y_dim=\dimen141
\l_coffin_x_prime_dim=\dimen142
\l_coffin_y_prime_dim=\dimen143
\l_coffin_Depth_dim=\dimen144
\l_coffin_Height_dim=\dimen145
\l_coffin_TotalHeight_dim=\dimen146
\l_coffin_Width_dim=\dimen147
\c_empty_coffin=\box32
\l_coffin_aligned_coffin=\box33
\l_coffin_aligned_internal_coffin=\box34
\l_coffin_bounding_shift_dim=\dimen148
\l_coffin_left_corner_dim=\dimen149
\l_coffin_right_corner_dim=\dimen150
\l_coffin_bottom_corner_dim=\dimen151
\l_coffin_top_corner_dim=\dimen152
\l_coffin_scaled_total_height_dim=\dimen153
\l_coffin_scaled_width_dim=\dimen154
\l_coffin_display_coffin=\box35
\l_coffin_display_coord_coffin=\box36
\l_coffin_display_pole_coffin=\box37
\l_coffin_display_offset_dim=\dimen155
\l_coffin_display_x_dim=\dimen156
\l_coffin_display_y_dim=\dimen157
)
(/usr/share/texlive/texmf-dist/tex/latex/l3kernel/l3color.sty
Package: l3color 2011/09/07 v2776 L3 Experimental colour support
)
(/usr/share/texlive/texmf-dist/tex/latex/l3kernel/l3luatex.sty
Package: l3luatex 2012/02/09 v3355 L3 Experimental LuaTeX-specific functions
\g_cctab_allocate_int=\count165
\g_cctab_stack_int=\count166
))
(/usr/share/texlive/texmf-dist/tex/latex/l3packages/xparse/xparse.sty
Package: xparse 2012/04/23 v3570 L3 Experimental document command parser
\l_xparse_current_arg_int=\count167
\l_xparse_m_args_int=\count168
\l_xparse_mandatory_args_int=\count169
\l_xparse_processor_int=\count170
\l_xparse_v_nesting_int=\count171
)
\l_fontspec_script_int=\count172
\l_fontspec_language_int=\count173
\l_fontspec_strnum_int=\count174
\l_fontspec_tmpa_dim=\dimen158
\l_fontspec_tmpb_dim=\dimen159
\l_fontspec_tmpc_dim=\dimen160
Variant \tl_gset:cV already defined; not changing it on line 66

(/usr/share/texlive/texmf-dist/tex/latex/fontspec/fontspec-patches.sty
Package: fontspec-patches 2012/05/06 v2.2b Advanced font selection for XeLaTeX/
LuaLaTeX

(/usr/share/texlive/texmf-dist/tex/latex/base/fixltx2e.sty
Package: fixltx2e 2006/09/13 v1.1m fixes to LaTeX
LaTeX Info: Redefining \em on input line 420.
LaTeX Info: Redefining \textsubscript on input line 424.
)
LaTeX Info: Redefining \em on input line 22.
LaTeX Info: Redefining \emph on input line 29.
LaTeX Info: Redefining \- on input line 32.

*************************************************
* LaTeX warning: "xparse/redefine-command"
* 
* Redefining document command \oldstylenums with arg. spec. 'm' on line 107.
*************************************************
.................................................
. LaTeX info: "xparse/define-command"
. 
. Defining document command \liningnums with arg. spec. 'm' on line 111.
.................................................
) (/usr/share/texlive/texmf-dist/tex/latex/fontspec/fontspec-xetex.sty
Package: fontspec-xetex 2012/05/06 v2.2b Advanced font selection for XeLaTeX/Lu
aLaTeX

(/usr/share/texlive/texmf-dist/tex/latex/base/fontenc.sty
Package: fontenc 2005/09/27 v1.99g Standard LaTeX package

(/usr/share/texlive/texmf-dist/tex/latex/euenc/eu1enc.def
File: eu1enc.def 2010/05/27 v0.1h Experimental Unicode font encodings
)
LaTeX Font Info:    Try loading font information for EU1+lmr on input line 100.


(/usr/share/texlive/texmf-dist/tex/latex/euenc/eu1lmr.fd
File: eu1lmr.fd 2009/10/30 v1.6 Font defs for Latin Modern
))
(/usr/share/texlive/texmf-dist/tex/xelatex/xunicode/xunicode.sty
File: xunicode.sty 2011/09/09 v0.981 provides access to latin accents and many 
other characters in Unicode lower plane

(/usr/share/texmf/tex/latex/tipa/t3enc.def
File: t3enc.def 2001/12/31 T3 encoding
LaTeX Font Info:    Try loading font information for EU1+lmss on input line 357
.

(/usr/share/texlive/texmf-dist/tex/latex/euenc/eu1lmss.fd
File: eu1lmss.fd 2009/10/30 v1.6 Font defs for Latin Modern
))
\tipaTiiicode=\count175
\tipasavetokens=\toks18
\tipachecktokens=\toks19
)
.................................................
. LaTeX info: "xparse/define-command"
. 
. Defining document command \fontspec with arg. spec. 'O{}m' on line 39.
.................................................
.................................................
. LaTeX info: "xparse/define-command"
. 
. Defining document command \setmainfont with arg. spec. 'O{}m' on line 43.
.................................................
.................................................
. LaTeX info: "xparse/define-command"
. 
. Defining document command \setsansfont with arg. spec. 'O{}m' on line 47.
.................................................
.................................................
. LaTeX info: "xparse/define-command"
. 
. Defining document command \setmonofont with arg. spec. 'O{}m' on line 51.
.................................................
.................................................
. LaTeX info: "xparse/define-command"
. 
. Defining document command \setmathrm with arg. spec. 'O{}m' on line 59.
.................................................
.................................................
. LaTeX info: "xparse/define-command"
. 
. Defining document command \setboldmathrm with arg. spec. 'O{}m' on line 62.
.................................................
.................................................
. LaTeX info: "xparse/define-command"
. 
. Defining document command \setmathsf with arg. spec. 'O{}m' on line 65.
.................................................
.................................................
. LaTeX info: "xparse/define-command"
. 
. Defining document command \setmathtt with arg. spec. 'O{}m' on line 68.
.................................................
.................................................
. LaTeX info: "xparse/define-command"
. 
. Defining document command \newfontfamily with arg. spec. 'mO{}m' on line 84.
.................................................
.................................................
. LaTeX info: "xparse/define-command"
. 
. Defining document command \newfontface with arg. spec. 'mO{}m' on line 87.
.................................................
.................................................
. LaTeX info: "xparse/define-command"
. 
. Defining document command \defaultfontfeatures with arg. spec. 'm' on line
. 91.
.................................................
.................................................
. LaTeX info: "xparse/define-command"
. 
. Defining document command \addfontfeatures with arg. spec. 'm' on line 107.
.................................................
.................................................
. LaTeX info: "xparse/define-command"
. 
. Defining document command \newfontfeature with arg. spec. 'mm' on line 118.
.................................................
.................................................
. LaTeX info: "xparse/define-command"
. 
. Defining document command \newAATfeature with arg. spec. 'mmmm' on line 125.
.................................................
.................................................
. LaTeX info: "xparse/define-command"
. 
. Defining document command \newICUfeature with arg. spec. 'mmm' on line 132.
.................................................
.................................................
. LaTeX info: "xparse/define-command"
. 
. Defining document command \aliasfontfeature with arg. spec. 'mm' on line
. 159.
.................................................
.................................................
. LaTeX info: "xparse/define-command"
. 
. Defining document command \aliasfontfeatureoption with arg. spec. 'mmm' on
. line 164.
.................................................
.................................................
. LaTeX info: "xparse/define-command"
. 
. Defining document command \newfontscript with arg. spec. 'mm' on line 169.
.................................................
.................................................
. LaTeX info: "xparse/define-command"
. 
. Defining document command \newfontlanguage with arg. spec. 'mm' on line 192.
.................................................
.................................................
. LaTeX info: "xparse/define-command"
. 
. Defining document command \DeclareFontsExtensions with arg. spec. 'm' on
. line 211.
.................................................
Variant \prop_gput:cnV already defined; not changing it on line 485
Variant \prop_gput:cnx already defined; not changing it on line 486
\l_fontspec_tmp_int=\count176
LaTeX Info: Redefining \itshape on input line 1893.
LaTeX Info: Redefining \slshape on input line 1897.
LaTeX Info: Redefining \scshape on input line 1901.
LaTeX Info: Redefining \upshape on input line 1905.

(/usr/share/texlive/texmf-dist/tex/latex/fontspec/fontspec.cfg)))
\xl@everylogo=\toks20
\xl@@everylogo=\toks21
LaTeX Info: Redefining \TeX on input line 193.
LaTeX Info: Redefining \LaTeX on input line 202.
LaTeX Info: Redefining \LaTeXe on input line 219.
))
.................................................
. fontspec info: "set-scale"
. 
. Arimo_B.ttf scale = 0.8157934580.
.................................................
\g_fontspec_family_Arimo_B.ttf_int=\count177
.................................................
. fontspec info: "set-scale"
. 
. Arimo_B.ttf scale = 0.8157934580.
.................................................
.................................................
. fontspec info: "set-scale"
. 
. Arimo-Bold_B.ttf scale = 0.8157934580.
.................................................
.................................................
. fontspec info: "set-scale"
. 
. Arimo-Italic_B.ttf scale = 0.8157934580.
.................................................
.................................................
. fontspec info: "set-scale"
. 
. Arimo-BoldItalic_B.ttf scale = 0.8157934580.
.................................................
.................................................
. fontspec info: "defining-font"
. 
. Font family 'Arimo_B.ttf(0)' created for font 'Arimo_B.ttf' with options [
. Scale=MatchLowercase, Path=./LSP/lsp-fonts/, BoldFont = Arimo-Bold_B.ttf ,
. ItalicFont = Arimo-Italic_B.ttf , BoldItalicFont = Arimo-BoldItalic_B.ttf ].
. 
. This font family consists of the following shapes:
. 
. * 'normal' with NFSS spec.:
. 
. <->s*[0.8157934580]"[./LSP/lsp-fonts/Arimo_B.ttf]/ICU:script=latn;language=DF
LT;"
. 
. * 'bold' with NFSS spec.:
. 
. <->s*[0.8157934580]"[./LSP/lsp-fonts/Arimo-Bold_B.ttf]/ICU:script=latn;langua
ge=DFLT;"
. 
. * 'italic' with NFSS spec.:
. 
. <->s*[0.8157934580]"[./LSP/lsp-fonts/Arimo-Italic_B.ttf]/ICU:script=latn;lang
uage=DFLT;"
. 
. * 'bold italic' with NFSS spec.:
. 
. <->s*[0.8157934580]"[./LSP/lsp-fonts/Arimo-BoldItalic_B.ttf]/ICU:script=latn;
language=DFLT;"
.................................................
.................................................
. fontspec info: "set-scale"
. 
. FreeMono_B.otf scale = 1.033573141.
.................................................
\g_fontspec_family_FreeMono_B.otf_int=\count178
.................................................
. fontspec info: "set-scale"
. 
. FreeMono_B.otf scale = 1.033573141.
.................................................
.................................................
. fontspec info: "set-scale"
. 
. FreeMonoBold_B.otf scale = 0.9862700220.
.................................................
.................................................
. fontspec info: "set-scale"
. 
. FreeMonoOblique_B.otf scale = 1.033573141.
.................................................
.................................................
. fontspec info: "set-scale"
. 
. FreeMonoBoldOblique_B.otf scale = 0.9862700220.
.................................................
.................................................
. fontspec info: "defining-font"
. 
. Font family 'FreeMono_B.otf(0)' created for font 'FreeMono_B.otf' with
. options [ Ligatures={TeX},Scale=MatchLowercase,Path=./LSP/lsp-fonts/,
. BoldFont = FreeMonoBold_B.otf , SlantedFont = FreeMonoOblique_B.otf ,
. BoldSlantedFont = FreeMonoBoldOblique_B.otf ].
. 
. This font family consists of the following shapes:
. 
. * 'normal' with NFSS spec.:
. 
. <->s*[1.033573141]"[./LSP/lsp-fonts/FreeMono_B.otf]/ICU:script=latn;language=
DFLT;mapping=tex-text;"
. 
. * 'bold' with NFSS spec.:
. 
. <->s*[0.9862700220]"[./LSP/lsp-fonts/FreeMonoBold_B.otf]/ICU:script=latn;lang
uage=DFLT;mapping=tex-text;"
. 
. * 'sl/' with NFSS spec.:
. 
. <->s*[1.033573141]"[./LSP/lsp-fonts/FreeMonoOblique_B.otf]/ICU:script=latn;la
nguage=DFLT;mapping=tex-text;"
. 
. * 'sl/' with NFSS spec.:
. 
. <->s*[0.9862700220]"[./LSP/lsp-fonts/FreeMonoBoldOblique_B.otf]/ICU:script=la
tn;language=DFLT;mapping=tex-text;"
.................................................
\g_fontspec_family_LinLibertine_R_B.otf_int=\count179
.................................................
. fontspec info: "defining-font"
. 
. Font family 'LinLibertine_R_B.otf(0)' created for font
. 'LinLibertine_R_B.otf' with options [ Ligatures={TeX,Common},
. Path=./LSP/lsp-fonts/, PunctuationSpace=0, Numbers={Proportional}, BoldFont
. = LinLibertine_RZ_B.otf , ItalicFont = LinLibertine_RI_B.otf ,
. BoldItalicFont = LinLibertine_RZI_B.otf ].
. 
. This font family consists of the following shapes:
. 
. * 'normal' with NFSS spec.:
. 
. <->"[./LSP/lsp-fonts/LinLibertine_R_B.otf]/ICU:script=latn;language=DFLT;mapp
ing=tex-text;+liga;+pnum;"
. and font adjustment code:
. \fontdimen 7\font =0\fontdimen 7\font 
. 
. * 'small caps' with NFSS spec.:
. 
. <->"[./LSP/lsp-fonts/LinLibertine_R_B.otf]/ICU:script=latn;language=DFLT;mapp
ing=tex-text;+liga;+pnum;+smcp;"
. and font adjustment code:
. \fontdimen 7\font =0\fontdimen 7\font 
. 
. * 'bold' with NFSS spec.:
. 
. <->"[./LSP/lsp-fonts/LinLibertine_RZ_B.otf]/ICU:script=latn;language=DFLT;map
ping=tex-text;+liga;+pnum;"
. and font adjustment code:
. \fontdimen 7\font =0\fontdimen 7\font 
. 
. * 'bold small caps' with NFSS spec.:
. 
. <->"[./LSP/lsp-fonts/LinLibertine_RZ_B.otf]/ICU:script=latn;language=DFLT;map
ping=tex-text;+liga;+pnum;+smcp;"
. and font adjustment code:
. \fontdimen 7\font =0\fontdimen 7\font 
. 
. * 'italic' with NFSS spec.:
. 
. <->"[./LSP/lsp-fonts/LinLibertine_RI_B.otf]/ICU:script=latn;language=DFLT;map
ping=tex-text;+liga;+pnum;"
. and font adjustment code:
. \fontdimen 7\font =0\fontdimen 7\font 
. 
. * 'italic small caps' with NFSS spec.:
. 
. <->"[./LSP/lsp-fonts/LinLibertine_RI_B.otf]/ICU:script=latn;language=DFLT;map
ping=tex-text;+liga;+pnum;+smcp;"
. and font adjustment code:
. \fontdimen 7\font =0\fontdimen 7\font 
. 
. * 'bold italic' with NFSS spec.:
. 
. <->"[./LSP/lsp-fonts/LinLibertine_RZI_B.otf]/ICU:script=latn;language=DFLT;ma
pping=tex-text;+liga;+pnum;"
. and font adjustment code:
. \fontdimen 7\font =0\fontdimen 7\font 
.................................................

(/usr/share/texlive/texmf-dist/tex/latex/microtype/microtype.sty
Package: microtype 2010/01/10 v2.4 Micro-typography with pdfTeX (RS)


Package microtype Warning: You don't seem to be using pdftex.
(microtype)                `microtype' only works with pdftex.
(microtype)                Try running `pdflatex' instead of `xelatex'.

)
Package scrkbase Info: You've told me to redefine the font selection of the
(scrkbase)             element `sectioning' that is an alias of element
(scrkbase)             `disposition' on input line 189.
 (/usr/share/texmf/tex/latex/xcolor/xcolor.sty
Package: xcolor 2007/01/21 v2.11 LaTeX color extensions (UK)

(/usr/share/texlive/texmf-dist/tex/latex/latexconfig/color.cfg
File: color.cfg 2007/01/18 v1.5 color configuration of teTeX/TeXLive
)
Package xcolor Info: Driver file: xetex.def on input line 225.
LaTeX Info: Redefining \color on input line 702.
Package xcolor Info: Model `cmy' substituted by `cmy0' on input line 1337.
Package xcolor Info: Model `RGB' extended on input line 1353.
Package xcolor Info: Model `HTML' substituted by `rgb' on input line 1355.
Package xcolor Info: Model `Hsb' substituted by `hsb' on input line 1356.
Package xcolor Info: Model `tHsb' substituted by `hsb' on input line 1357.
Package xcolor Info: Model `HSB' substituted by `hsb' on input line 1358.
Package xcolor Info: Model `Gray' substituted by `gray' on input line 1359.
Package xcolor Info: Model `wave' substituted by `hsb' on input line 1360.
)
(/usr/share/texlive/texmf-dist/tex/latex/datetime/datetime.sty
Package: datetime 2010/09/21 v2.58 Date Time Package

(/usr/share/texlive/texmf-dist/tex/latex/fmtcount/fmtcount.sty
Package: fmtcount 2009/10/02 v1.31

(/usr/share/texlive/texmf-dist/tex/latex/amsmath/amsgen.sty
File: amsgen.sty 1999/11/30 v2.0
\@emptytoks=\toks22
\ex@=\dimen161
)
\c@padzeroesN=\count180

(/usr/share/texlive/texmf-dist/tex/latex/fmtcount/fc-english.def
File: fc-english 2007/05/26
)
(/usr/share/texlive/texmf-dist/tex/latex/fmtcount/fc-USenglish.def
File: fc-USenglish 2007/06/14
)
(/usr/share/texlive/texmf-dist/tex/latex/fmtcount/fc-german.def
File: fc-german.def 2007/06/14
)
No configuration file fmtcount.cfg found.
\@DT@modctr=\count181
\@ordinalctr=\count182
\@orgargctr=\count183
\@strctr=\count184
\@tmpstrctr=\count185
\@DT@loopN=\count186
\@DT@X=\count187
)
\@day=\count188
\@month=\count189
\@year=\count190
\c@HOUR=\count191
\c@HOURXII=\count192
\c@MINUTE=\count193
\c@TOHOUR=\count194
\c@TOMINUTE=\count195
\c@SECOND=\count196
\currenthour=\count197
\currentminute=\count198
\currentsecond=\count199
Package datetime Info: No datetime.cfg file found, using default settings on in
put line 292.
\@dtctr=\count200
\dayofyear=\count201
Normal \count register pool exhausted, switching to extended pool.
\dayofweek=\count277
LaTeX Info: Redefining \today on input line 724.
\dt@a=\toks23
\dt@b=\toks24
) (/usr/share/texlive/texmf-dist/tex/latex/koma-script/scrpage2.sty
Package: scrpage2 2010/04/22 v2.5 LaTeX2e KOMA-Script package
LaTeX Info: Redefining \pagemark on input line 176.
)
(/usr/share/texlive/texmf-dist/tex/latex/url/url.sty
\Urlmuskip=\muskip10
Package: url 2006/04/12  ver 3.3  Verb mode for urls, etc.
)
(/usr/share/texmf/tex/latex/biblatex/biblatex.sty
Package: biblatex 2011/11/13 v1.7 programmable bibliographies

(/usr/share/texmf/tex/latex/etoolbox/etoolbox.sty
Package: etoolbox 2011/01/03 v2.1 e-TeX tools for LaTeX
\etb@tempcnta=\count278
)
(/usr/share/texmf/tex/latex/logreq/logreq.sty
Package: logreq 2010/08/04 v1.0 xml request logger
\lrq@indent=\count279

(/usr/share/texmf/tex/latex/logreq/logreq.def
File: logreq.def 2010/08/04 v1.0 logreq spec v1.0
))
\c@listtotal=\count280
\c@listcount=\count281
\c@liststart=\count282
\c@liststop=\count283
\c@citecount=\count284
\c@citetotal=\count285
\c@multicitecount=\count286
\c@multicitetotal=\count287
\c@instcount=\count288
\c@maxnames=\count289
\c@minnames=\count290
\c@maxitems=\count291
\c@minitems=\count292
\c@citecounter=\count293
\c@savedcitecounter=\count294
\c@uniquelist=\count295
\c@uniquename=\count296
\c@refsection=\count297
\c@refsegment=\count298
\c@maxextrayear=\count299
\c@maxextraalpha=\count300
\c@abbrvpenalty=\count301
\c@highnamepenalty=\count302
\c@lownamepenalty=\count303
\c@maxparens=\count304
\c@parenlevel=\count305
\blx@tempcnta=\count306
\blx@tempcntb=\count307
\blx@tempcntc=\count308
\blx@maxsection=\count309
\blx@maxsegment=\count310
\blx@notetype=\count311
\blx@parenlevel@text=\count312
\blx@parenlevel@foot=\count313
\labelnumberwidth=\skip57
\labelalphawidth=\skip58
\shorthandwidth=\skip59
\biblabelsep=\skip60
\bibitemsep=\skip61
\bibnamesep=\skip62
\bibinitsep=\skip63
\bibparsep=\skip64
\bibhang=\skip65
\blx@auxin=\read1
\blx@auxout=\write4
\c@mincomprange=\count314
\c@maxcomprange=\count315
\c@mincompwidth=\count316
\c@labelname=\count317
\c@savedlabelname=\count318
\c@author=\count319
\c@savedauthor=\count320
\c@shortauthor=\count321
\c@savedshortauthor=\count322
\c@editor=\count323
\c@savededitor=\count324
\c@editora=\count325
\c@savededitora=\count326
\c@editorb=\count327
\c@savededitorb=\count328
\c@editorc=\count329
\c@savededitorc=\count330
\c@shorteditor=\count331
\c@savedshorteditor=\count332
\c@bookauthor=\count333
\c@savedbookauthor=\count334
\c@translator=\count335
\c@savedtranslator=\count336
\c@annotator=\count337
\c@savedannotator=\count338
\c@commentator=\count339
\c@savedcommentator=\count340
\c@introduction=\count341
\c@savedintroduction=\count342
\c@foreword=\count343
\c@savedforeword=\count344
\c@afterword=\count345
\c@savedafterword=\count346
\c@holder=\count347
\c@savedholder=\count348
\c@namea=\count349
\c@savednamea=\count350
\c@nameb=\count351
\c@savednameb=\count352
\c@namec=\count353
\c@savednamec=\count354
\c@institution=\count355
\c@savedinstitution=\count356
\c@language=\count357
\c@savedlanguage=\count358
\c@location=\count359
\c@savedlocation=\count360
\c@organization=\count361
\c@savedorganization=\count362
\c@origlocation=\count363
\c@savedoriglocation=\count364
\c@origpublisher=\count365
\c@savedorigpublisher=\count366
\c@pageref=\count367
\c@savedpageref=\count368
\c@publisher=\count369
\c@savedpublisher=\count370
\c@lista=\count371
\c@savedlista=\count372
\c@listb=\count373
\c@savedlistb=\count374
\c@listc=\count375
\c@savedlistc=\count376
\c@listd=\count377
\c@savedlistd=\count378
\c@liste=\count379
\c@savedliste=\count380
\c@listf=\count381
\c@savedlistf=\count382
Package biblatex Info: Trying to load compatibility code...
Package biblatex Info: ... file 'blx-compat.def' found.

(/usr/share/texmf/tex/latex/biblatex/blx-compat.def
File: blx-compat.def 2011/11/13 v1.7 biblatex generic compatibility
)
Package biblatex Info: Trying to load generic definitions...
Package biblatex Info: ... file 'biblatex.def' found.

(/usr/share/texmf/tex/latex/biblatex/biblatex.def
File: biblatex.def 2011/11/13 v1.7 biblatex generic definitions
\c@biburlnumpenalty=\count383
\c@biburlucpenalty=\count384
\c@biburllcpenalty=\count385
\c@smartand=\count386
)
Package biblatex Info: Trying to load natbib compatibility...
Package biblatex Info: ... file 'blx-natbib.def' found.

(/usr/share/texmf/tex/latex/biblatex/blx-natbib.def
File: blx-natbib.def 2011/11/13 v1.7 biblatex natbib compatibility
)
Package biblatex Info: Trying to load bibliography style 'LSP/lsp-bst/biblatex-
sp-unified'...
Package biblatex Info: ... file 'LSP/lsp-bst/biblatex-sp-unified.bbx' found.

(./LSP/lsp-bst/biblatex-sp-unified.bbx
File: sp-biblatex.bbx 


! Package keyval Error: labeldate undefined.

See the keyval package documentation for explanation.
Type  H <return>  for immediate help.
 ...                                              
                                                  
l.7 ...bbreviate,dateabbrev=false,useprefix=false}
                                                  
? 
Package biblatex Info: Trying to load bibliography style 'authoryear'...
Package biblatex Info: ... file 'authoryear.bbx' found.
(/usr/share/texmf/tex/latex/biblatex/bbx/authoryear.bbx
File: authoryear.bbx 2011/11/13 v1.7 biblatex bibliography style
Package biblatex Info: Trying to load bibliography style 'standard'...
Package biblatex Info: ... file 'standard.bbx' found.

(/usr/share/texmf/tex/latex/biblatex/bbx/standard.bbx
File: standard.bbx 2011/11/13 v1.7 biblatex bibliography style
)))
Package biblatex Info: Trying to load citation style 'LSP/lsp-bst/sp-authoryear
-comp'...
Package biblatex Info: ... file 'LSP/lsp-bst/sp-authoryear-comp.cbx' found.

(./LSP/lsp-bst/sp-authoryear-comp.cbx
File: sp-authoryear-comp.cbx 


! Package keyval Error: labeldate undefined.

See the keyval package documentation for explanation.
Type  H <return>  for immediate help.
 ...                                              
                                                  
l.3 ...date,uniquename,uniquelist,autocite=inline}
                                                  
? 

Package biblatex Warning: Macro 'textcite' undefined.
(biblatex)                Using \newbibmacro.

Package biblatex Info: Redefining '\cite'.
Package biblatex Info: Redefining '\parencite'.
Package biblatex Info: Redefining '\footcite'.
Package biblatex Info: Redefining '\footcitetext'.
Package biblatex Info: Redefining '\smartcite'.
Package biblatex Info: Redefining '\textcite'.
Package biblatex Info: Redefining '\cites'.
Package biblatex Info: Redefining '\parencites'.
Package biblatex Info: Redefining '\footcites'.
Package biblatex Info: Redefining '\footcitetexts'.
Package biblatex Info: Redefining '\smartcites'.
Package biblatex Info: Redefining '\textcites'.
Package biblatex Info: Redefining '\citeauthor'.
Package biblatex Info: Redefining '\citeyear'.
Package biblatex Info: Redefining '\citeyearpar'.
)
Package biblatex Info: Trying to load configuration file...
Package biblatex Info: ... file 'biblatex.cfg' found.
 (/usr/share/texmf/tex/latex/biblatex/biblatex.cfg
File: biblatex.cfg 
))
(/usr/share/texlive/texmf-dist/tex/latex/floatrow/floatrow.sty
Package: floatrow 2008/08/02 v0.3b floatrow: float package extension

(/usr/share/texlive/texmf-dist/tex/latex/caption/caption3.sty
Package: caption3 2012/01/12 v1.4b caption3 kernel (AR)
\captionmargin=\dimen162
\captionmargin@=\dimen163
\captionwidth=\dimen164
\caption@indent=\dimen165
\caption@parindent=\dimen166
\caption@hangindent=\dimen167
)
\c@float@type=\count387
\float@exts=\toks25
\float@box=\box38
\@floatcapt=\box39
Package floatrow Info: Modified float package code loaded on input line 455.
Package floatrow Info: Modified rotfloat package code loaded on input line 473.

\FR@everyfloat=\toks26
\flrow@foot=\insert233
\FB@wd=\dimen168
\FBo@wd=\dimen169
\FBc@wd=\dimen170
\FBo@ht=\skip66
\FBc@ht=\skip67
\FBf@ht=\skip68
\FBo@max=\skip69
\FBc@max=\skip70
\FBf@max=\skip71
\c@FBl@b=\count388
\floatbox@depth=\count389
\c@FRobj=\count390
\c@FRsobj=\count391
\Xhsize=\skip72
\sXhsize=\skip73
\Zhsize=\skip74
\sZhsize=\skip75
\flrow@rowbox=\box40
\FR@Zunitlength=\dimen171
\c@FBcnt=\count392
\FPOScnt=\count393
\LTleft=\skip76
\LTright=\skip77
\LTleft=\skip78
\LTright=\skip79
\flrow@types=\toks27
)
(/usr/share/texlive/texmf-dist/tex/latex/booktabs/booktabs.sty
Package: booktabs 2005/04/14 v1.61803 publication quality tables
\heavyrulewidth=\dimen172
\lightrulewidth=\dimen173
\cmidrulewidth=\dimen174
\belowrulesep=\dimen175
\belowbottomsep=\dimen176
\aboverulesep=\dimen177
\abovetopsep=\dimen178
\cmidrulesep=\dimen179
\cmidrulekern=\dimen180
\defaultaddspace=\dimen181
\@cmidla=\count394
\@cmidlb=\count395
\@aboverulesep=\dimen182
\@belowrulesep=\dimen183
\@thisruleclass=\count396
\@lastruleclass=\count397
\@thisrulewidth=\dimen184
)
(/usr/share/texlive/texmf-dist/tex/latex/index/index.sty
Package: index 2004/01/20 v4.2beta Improved index support (dmj)
\@indexbox=\insert232
\indexproofstyle=\toks28
)
\idxtitle@default=\toks29
\tf@default=\write5
\openout5 = `schaefer-egbd.idx'.

Package index Info: Writing index file schaefer-egbd.idx on input line 509.
\idxtitle@lan=\toks30
\tf@lan=\write6
\openout6 = `schaefer-egbd.ldx'.

Package index Info: Writing index file schaefer-egbd.ldx on input line 510.
\idxtitle@sbj=\toks31
\tf@sbj=\write7
\openout7 = `schaefer-egbd.sdx'.

Package index Info: Writing index file schaefer-egbd.sdx on input line 512.
\openout5 = `schaefer-egbd.adx'.

Package index Info: Writing index file schaefer-egbd.adx on input line 513.
\idxtitle@wrd=\toks32
\tf@wrd=\write8
\openout8 = `schaefer-egbd.wdx'.

Package index Info: Writing index file schaefer-egbd.wdx on input line 514.
\idxtitle@rwrd=\toks33
\tf@rwrd=\write9
\openout9 = `schaefer-egbd.rdx'.

Package index Info: Writing index file schaefer-egbd.rdx on input line 515.

(/usr/share/texlive/texmf-dist/tex/latex/hyperref/hyperref.sty
Package: hyperref 2012/05/13 v6.82q Hypertext links for LaTeX

(/usr/share/texlive/texmf-dist/tex/generic/oberdiek/hobsub-hyperref.sty
Package: hobsub-hyperref 2012/05/28 v1.13 Bundle oberdiek, subset hyperref (HO)


(/usr/share/texlive/texmf-dist/tex/generic/oberdiek/hobsub-generic.sty
Package: hobsub-generic 2012/05/28 v1.13 Bundle oberdiek, subset generic (HO)
Package: hobsub 2012/05/28 v1.13 Construct package bundles (HO)
Package hobsub Info: Skipping package `infwarerr' (already loaded).
Package hobsub Info: Skipping package `ltxcmds' (already loaded).
Package hobsub Info: Skipping package `ifluatex' (already loaded).
Package hobsub Info: Skipping package `ifvtex' (already loaded).
Package: intcalc 2007/09/27 v1.1 Expandable calculations with integers (HO)
Package hobsub Info: Skipping package `ifpdf' (already loaded).
Package hobsub Info: Skipping package `etexcmds' (already loaded).
Package hobsub Info: Skipping package `kvsetkeys' (already loaded).
Package: kvdefinekeys 2011/04/07 v1.3 Define keys (HO)
Package: pdftexcmds 2011/11/29 v0.20 Utility functions of pdfTeX for LuaTeX (HO
)
Package pdftexcmds Info: LuaTeX not detected.
Package pdftexcmds Info: pdfTeX >= 1.30 not detected.
Package pdftexcmds Info: \pdf@primitive is available.
Package pdftexcmds Info: \pdf@ifprimitive is available.
Package pdftexcmds Info: \pdfdraftmode not found.
Package: pdfescape 2011/11/25 v1.13 Implements pdfTeX's escape features (HO)
Package: bigintcalc 2012/04/08 v1.3 Expandable calculations on big integers (HO
)
Package: bitset 2011/01/30 v1.1 Handle bit-vector datatype (HO)
Package: uniquecounter 2011/01/30 v1.2 Provide unlimited unique counter (HO)
)
Package hobsub Info: Skipping package `hobsub' (already loaded).
Package: letltxmacro 2010/09/02 v1.4 Let assignment for LaTeX macros (HO)
Package: hopatch 2012/05/28 v1.2 Wrapper for package hooks (HO)
Package: xcolor-patch 2011/01/30 xcolor patch
Package: atveryend 2011/06/30 v1.8 Hooks at the very end of document (HO)
Package: atbegshi 2011/10/05 v1.16 At begin shipout hook (HO)
Package: refcount 2011/10/16 v3.4 Data extraction from label references (HO)
Package: hycolor 2011/01/30 v1.7 Color options for hyperref/bookmark (HO)
)
\@linkdim=\dimen185
\Hy@linkcounter=\count398
\Hy@pagecounter=\count399

(/usr/share/texlive/texmf-dist/tex/latex/hyperref/pd1enc.def
File: pd1enc.def 2012/05/13 v6.82q Hyperref: PDFDocEncoding definition (HO)
)
\Hy@SavedSpaceFactor=\count400

(/usr/share/texlive/texmf-dist/tex/xelatex/xetexconfig/hyperref.cfg
File: hyperref.cfg 2008/07/11 v1.2 hyperref configuration for XeLaTeX
)
Package hyperref Info: Option `bookmarks' set `true' on input line 3941.
Package hyperref Info: Option `bookmarksopen' set `true' on input line 3941.
Package hyperref Info: Option `hyperindex' set `true' on input line 3941.
Package hyperref Info: Option `breaklinks' set `true' on input line 3941.
Package hyperref Info: Option `draft' set `false' on input line 3941.
Package hyperref Info: Option `plainpages' set `false' on input line 3941.
Package hyperref Info: Option `pdfusetitle' set `true' on input line 3941.


Package hyperref Warning: XeTeX driver only supports unicode.
(hyperref)                Enabling option `unicode'.

Package hyperref Info: Option `unicode' set `true' on input line 3941.
(/usr/share/texlive/texmf-dist/tex/latex/hyperref/puenc.def
File: puenc.def 2012/05/13 v6.82q Hyperref: PDF Unicode definition (HO)
)
Package hyperref Info: Hyper figures OFF on input line 4062.
Package hyperref Info: Link nesting OFF on input line 4067.
Package hyperref Info: Hyper index ON on input line 4070.
Package hyperref Info: Plain pages OFF on input line 4077.
Package hyperref Info: Backreferencing OFF on input line 4082.
Package hyperref Info: Implicit mode ON; LaTeX internals redefined.
Package hyperref Info: Bookmarks ON on input line 4300.
\c@Hy@tempcnt=\count401
LaTeX Info: Redefining \url on input line 4653.
\Fld@menulength=\count402
\Field@Width=\dimen186
\Fld@charsize=\dimen187
Package hyperref Info: Hyper figures OFF on input line 5773.
Package hyperref Info: Link nesting OFF on input line 5778.
Package hyperref Info: Hyper index ON on input line 5781.
Package hyperref Info: backreferencing OFF on input line 5788.
Package hyperref Info: Link coloring OFF on input line 5793.
Package hyperref Info: Link coloring with OCG OFF on input line 5798.
Package hyperref Info: PDF/A mode OFF on input line 5803.
LaTeX Info: Redefining \ref on input line 5843.
LaTeX Info: Redefining \pageref on input line 5847.
\Hy@abspage=\count403
\c@Item=\count404
\c@Hfootnote=\count405
)

Package hyperref Message: Driver (autodetected): hxetex.

(/usr/share/texlive/texmf-dist/tex/latex/hyperref/hxetex.def
File: hxetex.def 2012/05/13 v6.82q Hyperref driver for XeTeX

(/usr/share/texlive/texmf-dist/tex/generic/oberdiek/stringenc.sty
Package: stringenc 2011/12/02 v1.10 Convert strings between diff. encodings (HO
)
)
\pdfm@box=\box41
\c@Hy@AnnotLevel=\count406
\HyField@AnnotCount=\count407
\Fld@listcount=\count408
\c@bookmark@seq@number=\count409

(/usr/share/texlive/texmf-dist/tex/latex/oberdiek/rerunfilecheck.sty
Package: rerunfilecheck 2011/04/15 v1.7 Rerun checks for auxiliary files (HO)
Package rerunfilecheck Info: Feature \pdfmdfivesum is not available
(rerunfilecheck)             (e.g. pdfTeX or LuaTeX with package `pdftexcmds').

(rerunfilecheck)             Therefore file contents cannot be checked efficien
tly
(rerunfilecheck)             and the loading of the package is aborted.
)
\Hy@SectionHShift=\skip80
)
(/usr/share/texlive/texmf-dist/tex/latex/pst-barcode/pst-barcode.sty
(/usr/share/texlive/texmf-dist/tex/latex/pstricks/pstricks.sty
Package: pstricks 2011/10/31 v0.52 LaTeX wrapper for `PSTricks' (RN,HV)

(/usr/share/texlive/texmf-dist/tex/generic/pstricks/pstricks.tex
(/usr/share/texlive/texmf-dist/tex/generic/xkeyval/pst-xkey.tex
File: pst-xkey.tex 2005/11/25 v1.6 PSTricks specialization of xkeyval (HA)

(/usr/share/texlive/texmf-dist/tex/latex/xkeyval/xkeyval.sty
Package: xkeyval 2008/08/13 v2.6a package option processing (HA)

(/usr/share/texlive/texmf-dist/tex/generic/xkeyval/xkeyval.tex
\XKV@toks=\toks34
\XKV@tempa@toks=\toks35
\XKV@depth=\count410
File: xkeyval.tex 2008/08/13 v2.6a key=value parser (HA)
)))
(/usr/share/texlive/texmf-dist/tex/generic/pstricks/pst-fp.tex
`pst-fp' v0.05, 2010/01/17 (hv)
\pstFP@xs=\count411
\pstFP@xia=\count412
\pstFP@xib=\count413
\pstFP@xfa=\count414
\pstFP@xfb=\count415
\pstFP@rega=\count416
\pstFP@regb=\count417
\pstFP@regs=\count418
\pstFP@times=\count419
)
\psLoopIndex=\count420

`PSTricks' v2.29  <2012/06/04> (tvz)
\pst@dima=\dimen188
\pst@dimb=\dimen189
\pst@dimc=\dimen190
\pst@dimd=\dimen191
\pst@dimg=\dimen192
\pst@dimh=\dimen193
\pst@dimm=\dimen194
\pst@dimn=\dimen195
\pst@dimo=\dimen196
\pst@dimp=\dimen197
\pst@hbox=\box42
\pst@ibox=\box43
\pst@boxg=\box44
\pst@cnta=\count421
\pst@cntb=\count422
\pst@cntc=\count423
\pst@cntd=\count424
\pst@cntg=\count425
\pst@cnth=\count426
\pst@cntm=\count427
\pst@cntn=\count428
\pst@cnto=\count429
\pst@cntp=\count430
\@zero=\count431
\pst@toks=\toks36
(/usr/share/texlive/texmf-dist/tex/xelatex/xetex-pstricks/pstricks.con
(/usr/share/texlive/texmf-dist/tex/generic/pstricks/config/xdvipdfmx.cfg))
\psunit=\dimen198
\psxunit=\dimen199
\psyunit=\dimen200
\pst@C@@rType=\count432
\pslinewidth=\dimen201
Normal \dimen register pool exhausted, switching to extended pool.
\psk@startLW=\dimen256
\psk@endLW=\dimen257
\pst@customdefs=\toks37
\pslinearc=\dimen258
\pst@symbolStep=\dimen259
\pst@symbolWidth=\dimen260
\pst@symbolLinewidth=\dimen261
\everypsbox=\toks38
\psframesep=\dimen262
\pslabelsep=\dimen263
\pst@shift=\dimen264
\theoverlaybox=\box45

(/usr/share/texlive/texmf-dist/tex/xelatex/xetex-pstricks/pstricks.con
(/usr/share/texlive/texmf-dist/tex/generic/pstricks/config/xdvipdfmx.cfg
Using PSTricks configuration for XeTeX+xdvipdfmx
)))
File: pstricks.tex 2012/06/04 v2.29 `PSTricks' (tvz,hv)
 (/usr/share/texlive/texmf-dist/tex/generic/pstricks/pst-fp.tex)
File: pst-fp.tex 2012/06/04 v2.29 `PST-fp' (hv)
)
Package: pst-barcode 2006/07/23 package wrapper for pst-barcode.tex (hv)

(/usr/share/texlive/texmf-dist/tex/generic/pst-barcode/pst-barcode.tex
`PST-barcode' v0.08, 2011/03/10 (tb,hv))
File: pst-barcode.tex 2011/03/10 v0.08 `PST-barcode' (hv)
)

Class scrbook Warning: Change of `\@footnotemark' detected!
(scrbook)              Use of `footnotes=multiple' may break
(scrbook)              another package!
(scrbook)              Maybe you should remove the usage of
(scrbook)              option `footnotes=multiple' on input line 1091.

(/usr/share/texlive/texmf-dist/tex/latex/rotating/rotating.sty
Package: rotating 2009/03/28 v2.16a rotated objects in LaTeX
\c@r@tfl@t=\count433
\rotFPtop=\skip81
\rotFPbot=\skip82
\rot@float@box=\box46
\rot@mess@toks=\toks39
)
Package hyperref Info: Option `unicode' set `true' on input line 1253.

(/usr/share/texlive/texmf-dist/tex/latex/authorindex/authorindex.sty
Package: authorindex 2005/03/22 make index of authors cited in a work
)
(./LSP/lsp-styles/lsp-lgr.sty)
\LSPTmp=\skip83

(/usr/share/texlive/texmf-dist/tex/latex/epigraph/epigraph.sty
Package: epigraph 2009/09/02 v1.5c typesetting epigraphs
\beforeepigraphskip=\skip84
\afterepigraphskip=\skip85
\epigraphwidth=\skip86
\epigraphrule=\skip87
)
(./LSP/lsp-styles/lsp-makros.sty
(/usr/share/texlive/texmf-dist/tex/latex/fancyvrb/fancyvrb.sty
Package: fancyvrb 2008/02/07

Style option: `fancyvrb' v2.7a, with DG/SPQR fixes, and firstline=lastline fix 
<2008/02/07> (tvz)
\FV@CodeLineNo=\count434
\FV@InFile=\read2
\FV@TabBox=\box47
\c@FancyVerbLine=\count435
\FV@StepNumber=\count436
\FV@OutFile=\write10
))) (./localmetadata.sty) (./localpackages.sty
(/usr/share/texlive/texmf-dist/tex/latex/tools/tabularx.sty
Package: tabularx 1999/01/07 v2.07 `tabularx' package (DPC)

(/usr/share/texlive/texmf-dist/tex/latex/tools/array.sty
Package: array 2008/09/09 v2.4c Tabular extension package (FMi)
\col@sep=\dimen265
\extrarowheight=\dimen266
\NC@list=\toks40
\extratabsurround=\skip88
\backup@length=\skip89
)
\TX@col@width=\dimen267
\TX@old@table=\dimen268
\TX@old@col=\dimen269
\TX@target=\dimen270
\TX@delta=\dimen271
\TX@cols=\count437
\TX@ftn=\toks41
)
(/usr/share/texlive/texmf-dist/tex/latex/tools/multicol.sty
Package: multicol 2011/06/27 v1.7a multicolumn formatting (FMi)
\c@tracingmulticols=\count438
\mult@box=\box48
\multicol@leftmargin=\dimen272
\c@unbalance=\count439
\c@collectmore=\count440
\doublecol@number=\count441
\multicoltolerance=\count442
\multicolpretolerance=\count443
\full@width=\dimen273
\page@free=\dimen274
\premulticols=\dimen275
\postmulticols=\dimen276
\multicolsep=\skip90
\multicolbaselineskip=\skip91
\partial@page=\box49
\last@line=\box50
\mult@rightbox=\box51
\mult@grightbox=\box52
\mult@gfirstbox=\box53
\mult@firstbox=\box54
\@tempa=\box55
\@tempa=\box56
\@tempa=\box57
\@tempa=\box58
\@tempa=\box59
\@tempa=\box60
\@tempa=\box61
\@tempa=\box62
\@tempa=\box63
\@tempa=\box64
\@tempa=\box65
\@tempa=\box66
\@tempa=\box67
\@tempa=\box68
\@tempa=\box69
\@tempa=\box70
\@tempa=\box71
\c@columnbadness=\count444
\c@finalcolumnbadness=\count445
\last@try=\dimen277
\multicolovershoot=\dimen278
\multicolundershoot=\dimen279
\mult@nat@firstbox=\box72
\colbreak@box=\box73
\multicol@sort@counter=\count446
) (./lsp-gb4e.sty
Package: lsp-gb4e 2000/09/05

(./lsp-cgloss.sty
\lineone=\box74
\linetwo=\box75
\linethree=\box76
\linefour=\box77
\linefive=\box78
\linesix=\box79
\lineseven=\box80
\lineeight=\box81
\wordone=\box82
\wordtwo=\box83
\wordthree=\box84
\wordfour=\box85
\wordfive=\box86
\wordsix=\box87
\wordseven=\box88
\wordeight=\box89
\gline=\box90
\glossglue=\skip92
)
\c@fnx=\count447
\@xnumdepth=\count448
\c@xnumi=\count449
\c@xnumii=\count450
\c@xnumiii=\count451
\c@xnumiv=\count452
\c@rxnumi=\count453
\c@rxnumii=\count454
\c@rxnumiii=\count455
\c@rxnumiv=\count456
\lcommentsep=\skip93
) (/usr/share/texlive/texmf-dist/tex/generic/babel/babel.sty
Package: babel 2008/07/08 v3.8m The Babel package

(/usr/share/texlive/texmf-dist/tex/generic/babel/ngermanb.ldf
Language: ngermanb 2008/07/06 v2.6n new German support from the babel system

(/usr/share/texlive/texmf-dist/tex/generic/babel/babel.def
File: babel.def 2008/07/08 v3.8m Babel common definitions
\babel@savecnt=\count457
\U@D=\dimen280
)
\l@naustrian = a dialect from \language\l@ngerman 
Package babel Info: Making " an active character on input line 92.
))
(/usr/share/texlive/texmf-dist/tex/latex/setspace/setspace.sty
Package: setspace 2011/12/19 v6.7a set line spacing
)
(/usr/share/texlive/texmf-dist/tex/latex/cancel/cancel.sty
Package: cancel 2000/03/12 v2.1 Cancel math terms
)

! LaTeX Error: File `xylingpdf.sty' not found.

Type X to quit or <RETURN> to proceed,
or enter new name. (Default extension: sty)

Enter file name: x

 ) )
(\end occurred when \ifx on line 15 was incomplete)
(\end occurred when \ifx on line 15 was incomplete) 
Here is how much of TeX's memory you used:
 30614 strings out of 495668
 559234 string characters out of 3186665
 730069 words of memory out of 3000000
 33356 multiletter control sequences out of 15000+200000
 4422 words of font info for 34 fonts, out of 3000000 for 9000
 14 hyphenation exceptions out of 8191
 66i,1n,68p,919b,268s stack positions out of 5000i,500n,10000p,200000b,50000s

No pages of output.
